Vivado Simulator v2025.1.0
Copyright 1986-2022 Xilinx, Inc. All Rights Reserved.
Copyright 2022-2025 Advanced Micro Devices, Inc. All Rights Reserved.
Running: F:/Xilinx_Vivado/2025.1/Vivado/bin/unwrapped/win64.o/xelab.exe --incr --debug typical --relax --mt 2 -L xil_defaultlib -L uvm -L unisims_ver -L unimacro_ver -L secureip --snapshot ascon_core_tb_behav xil_defaultlib.ascon_core_tb xil_defaultlib.glbl -log elaborate.log 
Using 2 slave threads.
Starting static elaboration
Pass Through NonSizing Optimizer
WARNING: [VRFC 10-2649] an enum variable may only be assigned the same enum typed variable or one of its values [C:/Users/kevin/Downloads/ascon/ascon.srcs/sim_1/new/ascon_core_tb.v:56]
WARNING: [VRFC 10-2649] an enum variable may only be assigned the same enum typed variable or one of its values [C:/Users/kevin/Downloads/ascon/ascon.srcs/sim_1/new/ascon_core_tb.v:59]
WARNING: [VRFC 10-2649] an enum variable may only be assigned the same enum typed variable or one of its values [C:/Users/kevin/Downloads/ascon/ascon.srcs/sources_1/new/ascon_core.sv:99]
Completed static elaboration
Starting simulation data flow analysis
Completed simulation data flow analysis
Time Resolution for simulation is 1ps
Compiling package xil_defaultlib.$unit_ascon_core_sv_2920286472
Compiling module xil_defaultlib.register(DATA_WIDTH=32'b01000000...
Compiling module xil_defaultlib.register(DATA_WIDTH=32'b01010000...
Compiling module xil_defaultlib.register(DATA_WIDTH=32'b01000)
Compiling module xil_defaultlib.register(DATA_WIDTH=32'b0101,RST...
Compiling module xil_defaultlib.register(DATA_WIDTH=32'b01011)
Compiling module xil_defaultlib.asconp
Compiling module xil_defaultlib.ascon_core
Compiling module xil_defaultlib.ascon_core_tb
Compiling module xil_defaultlib.glbl
Built simulation snapshot ascon_core_tb_behav
