Time resolution is 1 ps
============================================
 ASCON-AEAD128 Encryption Test              
============================================
 Key:   000102030405060708090A0B0C0D0E0F
 Nonce: 000102030405060708090A0B0C0D0E0F
 AD:    00010203
 PT:    00010203
--------------------------------------------
Captured: 00000000
Captured: 00000000
Captured: 00000000
Captured: 00000000
Captured: 00000000
Captured: 96d9534a
Waiting for BDO of type 4...
Received BDO: type= 4, data=e36c3a86
Waiting for BDO of type 4...
Received BDO: type= 4, data=9b2520e2
Waiting for BDO of type 4...
Received BDO: type= 4, data=5140d9b1
Waiting for BDO of type 4...
Received BDO: type= 4, data=732ed503
 CT:    96d9534a
 Tag:   e36c3a86_9b2520e2_5140d9b1_732ed503
--------------------------------------------
============================================
$finish called at time : 111 ns : File "C:/Users/kevin/Downloads/ascon/ascon.srcs/sim_1/new/ascon_core_tb.v" Line 296
